su -c 'pkill AdGuardHome'

su -c svc wifi disable
su -c svc wifi enable
su -c ip link show wlan0
su -c ip a show wlan0

# vấn đề với giờ
busybox mount -o remount,rw /system 2>/dev/null || toybox mount -o remount,rw /system
chmod 644 /system/framework/framework-res.apk


hwclock -w
// fake đổi giờ
date 070612002026.00

su -c settings put global auto_time 0 && sleep 1 && su -c settings put global auto_time 1

Đã
# cách dung firefox pem
# file cacert.pem tại đường dẫn đó, hãy tải file chứng chỉ chuẩn từ curl (Mozilla)
wget https://curl.se/ca/cacert.pem -O /data/data/com.termux/files/home/AdGuardHome/cacert.pem
 
pkg update ca-certificates -y
su -c 'SSL_CERT_FILE=/data/data/com.termux/files/usr/etc/tls/cert.pem ./AdGuardHome 2>&1'


# ép đổi ngày giờ 
su -c date 070421551900

// file termux boot start-sshd
~ $ cat ~/.termux/boot/start-sshd
#!/data/data/com.termux/files/usr/bin/sh
termux-wake-lock && sshd && cd AdGuardHome && su -c 'SSL_CERT_FILE=/data/data/com.termux/files/home/AdGuardHome/cacert.pem ./AdGuardHome 2>&1' &
su -c settings put global auto_time 0 && sleep 1 && su -c settings put global auto_time 1 && wget https://curl.se/ca/cacert.pem


# Tắt tính năng check Internet ngầm của Android, giúp box yếu không bị dồn ứ request gây khựng và rớt gói.
su
settings put global captive_portal_mode 0



